Arguments: 
  /usr/local/bin/node /usr/local/bin/yarn add

PATH: 
  /Users/pavlo/code/google-cloud-sdk/bin:/usr/local/bin:/usr/bin:/bin:/usr/sbin:/sbin:/usr/local/MacGPG2/bin

Yarn version: 
  1.5.1

Node version: 
  8.11.1

Platform: 
  darwin x64

npm manifest: 
  {
    "name": "function-plot",
    "version": "1.0.0",
    "description": "https://mauriciopoppe.github.io/function-plot/",
    "keywords": [],
    "homepage": "https://codesandbox.io/s/new",
    "main": "src/index.js",
    "dependencies": {
      "d3": "3.5.17",
      "function-plot": "1.18.1"
    },
    "devDependencies": {},
    "scripts": {
      "start": "react-scripts start",
      "build": "react-scripts build",
      "test": "react-scripts test --env=jsdom",
      "eject": "react-scripts eject"
    }
  }

yarn manifest: 
  No manifest

Lockfile: 
  # THIS IS AN AUTOGENERATED FILE. DO NOT EDIT THIS FILE DIRECTLY.
  # yarn lockfile v1
  
  
  built-in-math-eval@^0.3.0:
    version "0.3.0"
    resolved "https://registry.yarnpkg.com/built-in-math-eval/-/built-in-math-eval-0.3.0.tgz#240dc21cb389439588c61c460eb0076497efc41c"
    dependencies:
      math-codegen "^0.3.5"
  
  clamp@^1.0.1:
    version "1.0.1"
    resolved "https://registry.yarnpkg.com/clamp/-/clamp-1.0.1.tgz#66a0e64011816e37196828fdc8c8c147312c8634"
  
  d3@3.5.17:
    version "3.5.17"
    resolved "https://registry.yarnpkg.com/d3/-/d3-3.5.17.tgz#bc46748004378b21a360c9fc7cf5231790762fb8"
  
  double-bits@^1.1.0:
    version "1.1.1"
    resolved "https://registry.yarnpkg.com/double-bits/-/double-bits-1.1.1.tgz#58abba45494da4d0fa36b73ad11a286c9184b1c6"
  
  extend@^3.0.0:
    version "3.0.1"
    resolved "https://registry.yarnpkg.com/extend/-/extend-3.0.1.tgz#a755ea7bc1adfcc5a31ce7e762dbaadc5e636444"
  
  function-plot@1.18.1:
    version "1.18.1"
    resolved "https://registry.yarnpkg.com/function-plot/-/function-plot-1.18.1.tgz#7e2910b1f18dd22c5442d8a8feb9aaccb660c99f"
    dependencies:
      built-in-math-eval "^0.3.0"
      clamp "^1.0.1"
      extend "^3.0.0"
      integrate-adaptive-simpson "^1.0.3"
      interval-arithmetic-eval "^0.4.6"
      is-object "^1.0.1"
      key-pressed "0.0.1"
      keydown "0.0.3"
      linspace "0.0.1-1"
      log10 "^1.0.0"
      logspace "0.0.0"
  
  integers@0.0.0:
    version "0.0.0"
    resolved "https://registry.yarnpkg.com/integers/-/integers-0.0.0.tgz#8f346d79da1ac56d8d44dcf2d8582c445b91d5b9"
  
  integrate-adaptive-simpson@^1.0.3:
    version "1.1.1"
    resolved "https://registry.yarnpkg.com/integrate-adaptive-simpson/-/integrate-adaptive-simpson-1.1.1.tgz#8161cbefb50e430d14fd15489575092bab1d2c69"
  
  interval-arithmetic-eval@^0.4.6:
    version "0.4.6"
    resolved "https://registry.yarnpkg.com/interval-arithmetic-eval/-/interval-arithmetic-eval-0.4.6.tgz#7e146403c3c81cb138bfda67c9028c73ebedc8f9"
    dependencies:
      interval-arithmetic "^0.6.6"
      math-codegen "^0.3.5"
  
  interval-arithmetic@^0.6.6:
    version "0.6.10"
    resolved "https://registry.yarnpkg.com/interval-arithmetic/-/interval-arithmetic-0.6.10.tgz#3f7538662bed72fdb53d7b5f6cc728cfcf9dff70"
    dependencies:
      is-safe-integer "^1.0.1"
      nextafter "^1.0.0"
      typedarray "0.0.6"
      xtend "^4.0.1"
  
  is-finite@^1.0.1:
    version "1.0.2"
    resolved "https://registry.yarnpkg.com/is-finite/-/is-finite-1.0.2.tgz#cc6677695602be550ef11e8b4aa6305342b6d0aa"
    dependencies:
      number-is-nan "^1.0.0"
  
  is-object@^1.0.1:
    version "1.0.1"
    resolved "https://registry.yarnpkg.com/is-object/-/is-object-1.0.1.tgz#8952688c5ec2ffd6b03ecc85e769e02903083470"
  
  is-safe-integer@^1.0.1:
    version "1.0.2"
    resolved "https://registry.yarnpkg.com/is-safe-integer/-/is-safe-integer-1.0.2.tgz#ca2de0251f564408f9d7630c28e2e02ce18ea0aa"
    dependencies:
      max-safe-integer "^1.0.0"
  
  key-pressed@0.0.1:
    version "0.0.1"
    resolved "https://registry.yarnpkg.com/key-pressed/-/key-pressed-0.0.1.tgz#d682fb4c7c1042929a5bc88636728ca71220debb"
    dependencies:
      vkey "0.0.3"
  
  keydown@0.0.3:
    version "0.0.3"
    resolved "https://registry.yarnpkg.com/keydown/-/keydown-0.0.3.tgz#e2069ad051098cb39e6db3cbe807fb8a68205807"
    dependencies:
      vkey "~0.0.3"
  
  linspace@0.0.1-1:
    version "0.0.1-1"
    resolved "https://registry.yarnpkg.com/linspace/-/linspace-0.0.1-1.tgz#ecdef05b03f47eb1923a611bdc7745bc38a89e1a"
    dependencies:
      integers "0.0.0"
  
  log10@^1.0.0:
    version "1.0.1"
    resolved "https://registry.yarnpkg.com/log10/-/log10-1.0.1.tgz#b0fc64657c6efbc993490edaaa7d30e6a520bbe7"
    dependencies:
      is-finite "^1.0.1"
  
  logspace@0.0.0:
    version "0.0.0"
    resolved "https://registry.yarnpkg.com/logspace/-/logspace-0.0.0.tgz#0c85271abb09245c505d63f1a1c113ca155b1e74"
    dependencies:
      linspace "0.0.1-1"
  
  math-codegen@^0.3.5:
    version "0.3.5"
    resolved "https://registry.yarnpkg.com/math-codegen/-/math-codegen-0.3.5.tgz#4799ee4677ded147766d003cca4b7879edd40cca"
    dependencies:
      extend "^3.0.0"
      mr-parser "^0.2.1"
  
  max-safe-integer@^1.0.0:
    version "1.0.1"
    resolved "https://registry.yarnpkg.com/max-safe-integer/-/max-safe-integer-1.0.1.tgz#f38060be2c563d8c02e6d48af39122fd83b6f410"
  
  mr-parser@^0.2.1:
    version "0.2.1"
    resolved "https://registry.yarnpkg.com/mr-parser/-/mr-parser-0.2.1.tgz#8618b9ba417e28e9f439a41c695b554eafeed927"
  
  nextafter@^1.0.0:
    version "1.0.0"
    resolved "https://registry.yarnpkg.com/nextafter/-/nextafter-1.0.0.tgz#b7d77b535310e3e097e6025abb0a903477ec1a3a"
    dependencies:
      double-bits "^1.1.0"
  
  number-is-nan@^1.0.0:
    version "1.0.1"
    resolved "https://registry.yarnpkg.com/number-is-nan/-/number-is-nan-1.0.1.tgz#097b602b53422a522c1afb8790318336941a011d"
  
  typedarray@0.0.6:
    version "0.0.6"
    resolved "https://registry.yarnpkg.com/typedarray/-/typedarray-0.0.6.tgz#867ac74e3864187b1d3d47d996a78ec5c8830777"
  
  vkey@0.0.3, vkey@~0.0.3:
    version "0.0.3"
    resolved "https://registry.yarnpkg.com/vkey/-/vkey-0.0.3.tgz#634dd7952eb2c11531bf1859f0e6d419478033df"
  
  xtend@^4.0.1:
    version "4.0.1"
    resolved "https://registry.yarnpkg.com/xtend/-/xtend-4.0.1.tgz#a5c6d532be656e23db820efb943a1f04998d63af"

Trace: 
  Error: Missing list of packages to add to your project.
      at new MessageError (/usr/local/lib/node_modules/yarn/lib/cli.js:186:110)
      at Object.<anonymous> (/usr/local/lib/node_modules/yarn/lib/cli.js:40587:13)
      at Generator.next (<anonymous>)
      at step (/usr/local/lib/node_modules/yarn/lib/cli.js:98:30)
      at /usr/local/lib/node_modules/yarn/lib/cli.js:116:14
      at new Promise (<anonymous>)
      at new F (/usr/local/lib/node_modules/yarn/lib/cli.js:23451:28)
      at Object.<anonymous> (/usr/local/lib/node_modules/yarn/lib/cli.js:95:12)
      at Object.run (/usr/local/lib/node_modules/yarn/lib/cli.js:40599:19)
      at run (/usr/local/lib/node_modules/yarn/lib/cli.js:89113:20)
